[0.012s] Invoking command in '/home/dhruft/ws_nirmitsu/build/nirmitsu_ros2_flowgraph': CMAKE_PREFIX_PATH=/home/dhruft/ws_nirmitsu/install/NodeEditor:/home/dhruft/ws_nirmitsu/install/nirmitsu_ros2_flowgraph:/opt/ros/humble LD_LIBRARY_PATH=/home/dhruft/ws_nirmitsu/install/NodeEditor/lib:/opt/ros/humble/opt/rviz_ogre_vendor/lib:/opt/ros/humble/lib/x86_64-linux-gnu:/opt/ros/humble/lib /usr/bin/cmake --build /home/dhruft/ws_nirmitsu/build/nirmitsu_ros2_flowgraph -- -j16 -l16
[0.070s] [  5%] [34m[1mAutomatic MOC and UIC for target nirmitsu[0m
[0.102s] [  5%] Built target nirmitsu_autogen
[0.132s] [35m[1mConsolidate compiler generated dependencies of target nirmitsu[0m
[0.178s] [ 11%] [32mBuilding CXX object CMakeFiles/nirmitsu.dir/src/CustomWidgets/JoystickWidget.cpp.o[0m
[0.178s] [ 16%] [32mBuilding CXX object CMakeFiles/nirmitsu.dir/src/inputs/Joystick.cpp.o[0m
[1.551s] In file included from [01m[K/home/dhruft/ws_nirmitsu/src/nirmitsu-ros2/nirmitsu_ros2_flowgraph/src/inputs/Joystick.cpp:18[m[K:
[1.551s] [01m[K/home/dhruft/ws_nirmitsu/src/nirmitsu-ros2/nirmitsu_ros2_flowgraph/src/inputs/Joystick.hpp:[m[K In member function â€˜[01m[Kvirtual void Joystick::setInData(std::shared_ptr<QtNodes::NodeData>, int)[m[Kâ€™:
[1.551s] [01m[K/home/dhruft/ws_nirmitsu/src/nirmitsu-ros2/nirmitsu_ros2_flowgraph/src/inputs/Joystick.hpp:75:39:[m[K [01;35m[Kwarning: [m[Kunused parameter â€˜[01m[Kdata[m[Kâ€™ [[01;35m[K]8;;https://gcc.gnu.org/onlinedocs/gcc/Warning-Options.html#index-Wunused-parameter-Wunused-parameter]8;;[m[K]
[1.551s]    75 |   setInData([01;35m[Kstd::shared_ptr<NodeData> data[m[K, int) override
[1.551s]       |             [01;35m[K~~~~~~~~~~~~~~~~~~~~~~~~~~^~~~[m[K
[1.771s] [ 22%] [32m[1mLinking CXX executable nirmitsu[0m
[3.509s] /usr/bin/ld: CMakeFiles/nirmitsu.dir/nirmitsu_autogen/mocs_compilation.cpp.o:(.data.rel.ro._ZTV14JoystickWidget[_ZTV14JoystickWidget]+0x100): undefined reference to `JoystickWidget::paintEvent(QPaintEvent*)'
[3.559s] collect2: error: ld returned 1 exit status
[3.561s] gmake[2]: *** [CMakeFiles/nirmitsu.dir/build.make:1162: nirmitsu] Error 1
[3.562s] gmake[1]: *** [CMakeFiles/Makefile2:138: CMakeFiles/nirmitsu.dir/all] Error 2
[3.562s] gmake: *** [Makefile:146: all] Error 2
[3.565s] Invoked command in '/home/dhruft/ws_nirmitsu/build/nirmitsu_ros2_flowgraph' returned '2': CMAKE_PREFIX_PATH=/home/dhruft/ws_nirmitsu/install/NodeEditor:/home/dhruft/ws_nirmitsu/install/nirmitsu_ros2_flowgraph:/opt/ros/humble LD_LIBRARY_PATH=/home/dhruft/ws_nirmitsu/install/NodeEditor/lib:/opt/ros/humble/opt/rviz_ogre_vendor/lib:/opt/ros/humble/lib/x86_64-linux-gnu:/opt/ros/humble/lib /usr/bin/cmake --build /home/dhruft/ws_nirmitsu/build/nirmitsu_ros2_flowgraph -- -j16 -l16
