[0.007s] Invoking command in '/home/dhruft/ws_nirmitsu/build/nirmitsu_ros2_flowgraph': CMAKE_PREFIX_PATH=/home/dhruft/ws_nirmitsu/install/NodeEditor:/home/dhruft/ws_nirmitsu/install/nirmitsu_ros2_flowgraph:/opt/ros/humble /usr/bin/cmake --build /home/dhruft/ws_nirmitsu/build/nirmitsu_ros2_flowgraph -- -j16 -l16
[0.047s] [  5%] [34m[1mAutomatic MOC and UIC for target nirmitsu[0m
[0.066s] [  5%] Built target nirmitsu_autogen
[0.082s] [35m[1mConsolidate compiler generated dependencies of target nirmitsu[0m
[0.116s] [ 11%] [32mBuilding CXX object CMakeFiles/nirmitsu.dir/src/datatypes/Pos.cpp.o[0m
[0.514s] [01m[K/home/dhruft/ws_nirmitsu/src/nirmitsu-ros2/nirmitsu_ros2_flowgraph/src/datatypes/Pos.cpp:[m[K In member function â€˜[01m[Kvirtual QString Pos::to_string() const[m[Kâ€™:
[0.514s] [01m[K/home/dhruft/ws_nirmitsu/src/nirmitsu-ros2/nirmitsu_ros2_flowgraph/src/datatypes/Pos.cpp:57:3:[m[K [01;31m[Kerror: [m[Kâ€˜[01m[Kcout[m[Kâ€™ was not declared in this scope; did you mean â€˜[01m[Kstd::cout[m[Kâ€™?
[0.514s]    57 |   [01;31m[Kcout[m[K << _value.x << " " << _value.y << endl;
[0.515s]       |   [01;31m[K^~~~[m[K
[0.515s]       |   [32m[Kstd::cout[m[K
[0.515s] In file included from [01m[K/home/dhruft/ws_nirmitsu/src/nirmitsu-ros2/nirmitsu_ros2_flowgraph/src/datatypes/Pos.cpp:19[m[K:
[0.515s] [01m[K/usr/include/c++/11/iostream:61:18:[m[K [01;36m[Knote: [m[Kâ€˜[01m[Kstd::cout[m[Kâ€™ declared here
[0.515s]    61 |   extern ostream [01;36m[Kcout[m[K;          /// Linked to standard output
[0.515s]       |                  [01;36m[K^~~~[m[K
[0.515s] [01m[K/home/dhruft/ws_nirmitsu/src/nirmitsu-ros2/nirmitsu_ros2_flowgraph/src/datatypes/Pos.cpp:57:42:[m[K [01;31m[Kerror: [m[Kâ€˜[01m[Kendl[m[Kâ€™ was not declared in this scope; did you mean â€˜[01m[Kstd::endl[m[Kâ€™?
[0.515s]    57 |   cout << _value.x << " " << _value.y << [01;31m[Kendl[m[K;
[0.515s]       |                                          [01;31m[K^~~~[m[K
[0.515s]       |                                          [32m[Kstd::endl[m[K
[0.516s] In file included from [01m[K/usr/include/c++/11/iostream:39[m[K,
[0.516s]                  from [01m[K/home/dhruft/ws_nirmitsu/src/nirmitsu-ros2/nirmitsu_ros2_flowgraph/src/datatypes/Pos.cpp:19[m[K:
[0.516s] [01m[K/usr/include/c++/11/ostream:684:5:[m[K [01;36m[Knote: [m[Kâ€˜[01m[Kstd::endl[m[Kâ€™ declared here
[0.516s]   684 |     [01;36m[Kendl[m[K(basic_ostream<_CharT, _Traits>& __os)
[0.516s]       |     [01;36m[K^~~~[m[K
[0.564s] gmake[2]: *** [CMakeFiles/nirmitsu.dir/build.make:146: CMakeFiles/nirmitsu.dir/src/datatypes/Pos.cpp.o] Error 1
[0.564s] gmake[1]: *** [CMakeFiles/Makefile2:138: CMakeFiles/nirmitsu.dir/all] Error 2
[0.564s] gmake: *** [Makefile:146: all] Error 2
[0.567s] Invoked command in '/home/dhruft/ws_nirmitsu/build/nirmitsu_ros2_flowgraph' returned '2': CMAKE_PREFIX_PATH=/home/dhruft/ws_nirmitsu/install/NodeEditor:/home/dhruft/ws_nirmitsu/install/nirmitsu_ros2_flowgraph:/opt/ros/humble /usr/bin/cmake --build /home/dhruft/ws_nirmitsu/build/nirmitsu_ros2_flowgraph -- -j16 -l16
